2 2 1 0
6 3 2 0
24 4 6 0
20 5 4 0
12 6 2 1
14 7 2 1
32 8 4 1
18 9 2 1
80 10 8 1
88 11 8 2
96 12 8 2
78 13 6 2
112 14 8 2
30 15 2 2
48 16 3 3
136 17 8 3
108 18 6 3
152 19 8 3
40 20 2 3
84 21 4 4
88 22 4 4
184 23 8 4
96 24 4 4
150 25 6 4
130 26 5 5
81 27 3 6
28 28 1 6
232 29 8 6
60 30 2 6
186 31 6 7
192 32 6 7
66 33 2 7
204 34 6 7
140 35 4 7
144 36 4 8
148 37 4 8
304 38 8 8
156 39 4 8
240 40 6 8
164 41 4 9
168 42 4 9
344 43 8 9
176 44 4 9
270 45 6 9
322 46 7 10
94 47 2 10
192 48 4 10
98 49 2 10
400 50 8 10
204 51 4 12
208 52 4 12
424 53 8 12
216 54 4 12
330 55 6 12
168 56 3 13
456 57 8 13
348 58 6 13
472 59 8 13
120 60 2 13
14
