Case #1:
Impossible
Case #2:
c.................................................
..................................................
..................................................
..................................................
..................................................
..................................................
..................................................
..................................................
..................................................
..................................................
..................................................
..................................................
..................................................
..................................................
..................................................
..................................................
..................................................
..................................................
..................................................
..................................................
..................................................
..................................................
....................********......................
....................********......................
....................********......................
....................********......................
....................********......................
....................********......................
....................********......................
....................********......................
....................********......................
....................********......................
....................********......................
....................********......................
....................********......................
....................********......................
....................**********....................
....................**********....................
....................**********....................
....................**********....................
....................**********....................
....................**********....................
....................**********....................
....................**********....................
....................**********....................
....................**********....................
....................**********....................
....................**********....................
....................**********....................
....................**********....................
Case #3:
Impossible
Case #4:
c................................................*
.................................................*
**********************************************...*
**************************************************
**************************************************
**************************************************
**************************************************
**************************************************
**************************************************
**************************************************
**************************************************
**************************************************
**************************************************
**************************************************
**************************************************
**************************************************
**************************************************
**************************************************
**************************************************
**************************************************
**************************************************
**************************************************
**************************************************
**************************************************
**************************************************
**************************************************
**************************************************
**************************************************
**************************************************
**************************************************
**************************************************
**************************************************
**************************************************
**************************************************
**************************************************
**************************************************
**************************************************
**************************************************
**************************************************
**************************************************
**************************************************
**************************************************
**************************************************
**************************************************
**************************************************
**************************************************
**************************************************
**************************************************
**************************************************
**************************************************
Case #5:
c.................................................
..................................................
..................................................
..................................................
..................................................
..................................................
..................................................
..................................................
..................................................
..................................................
..................................................
..................................................
..................................................
..................................................
..................................................
..................................................
..................................................
..................................................
..................................................
..................................................
..................................................
..................................................
....................********......................
....................********......................
....................********......................
....................********......................
....................********......................
....................********......................
....................********......................
....................********......................
....................********......................
....................********......................
....................********......................
....................********......................
....................********......................
....................********......................
....................********......................
....................**********....................
....................**********....................
....................**********....................
....................**********....................
....................**********....................
....................**********....................
....................**********....................
....................**********....................
....................**********....................
....................**********....................
....................**********....................
....................**********....................
....................**********....................
Case #6:
c..*
...*
...*
****
Case #7:
c.
..
..
..
..
..
..
..
..
..
..
..
..
..
..
..
..
..
..
..
..
..
..
..
..
..
**
**
**
**
**
**
**
**
**
**
**
**
**
**
**
**
**
**
**
**
**
**
**
**
Case #8:
c...............................................**
Case #9:
c.................................................
Case #10:
c..***********************************************
...***********************************************
**************************************************
**************************************************
**************************************************
**************************************************
**************************************************
**************************************************
**************************************************
**************************************************
**************************************************
**************************************************
**************************************************
**************************************************
**************************************************
**************************************************
**************************************************
**************************************************
**************************************************
**************************************************
**************************************************
**************************************************
**************************************************
**************************************************
**************************************************
**************************************************
**************************************************
**************************************************
**************************************************
**************************************************
**************************************************
**************************************************
**************************************************
**************************************************
**************************************************
**************************************************
**************************************************
**************************************************
**************************************************
**************************************************
**************************************************
**************************************************
**************************************************
**************************************************
**************************************************
**************************************************
**************************************************
**************************************************
**************************************************
**************************************************
Case #11:
c...............................................**
................................................**
